<?xml version="1.0" encoding="UTF-8"?>
<testsuite xmlns:xsi="http://www.w3.org/2001/XMLSchema-instance" xsi:noNamespaceSchemaLocation="https://maven.apache.org/surefire/maven-surefire-plugin/xsd/surefire-test-report-3.0.xsd" version="3.0" name="TestSuite" time="24.195" tests="1" errors="0" skipped="0" failures="0">
  <properties>
    <property name="java.specification.version" value="17"/>
    <property name="webdriver.chrome.driver" value="C:\Users\muhan\.cache\selenium\chromedriver\win32\108.0.5359.71\chromedriver.exe"/>
    <property name="sun.cpu.isalist" value="amd64"/>
    <property name="sun.jnu.encoding" value="Cp1252"/>
    <property name="java.class.path" value="C:\Users\muhan\eclipse-workspace\Smart_Career\target\test-classes;C:\Users\muhan\eclipse-workspace\Smart_Career\target\classes;C:\Users\muhan\.m2\repository\org\testng\testng\6.14.3\testng-6.14.3.jar;C:\Users\muhan\.m2\repository\com\beust\jcommander\1.72\jcommander-1.72.jar;C:\Users\muhan\.m2\repository\org\apache-extras\beanshell\bsh\2.0b6\bsh-2.0b6.jar;C:\Users\muhan\.m2\repository\com\aventstack\extentreports\3.1.2\extentreports-3.1.2.jar;C:\Users\muhan\.m2\repository\org\freemarker\freemarker\2.3.23\freemarker-2.3.23.jar;C:\Users\muhan\.m2\repository\org\mongodb\mongodb-driver\3.3.0\mongodb-driver-3.3.0.jar;C:\Users\muhan\.m2\repository\org\mongodb\bson\3.3.0\bson-3.3.0.jar;C:\Users\muhan\.m2\repository\org\mongodb\mongodb-driver-core\3.3.0\mongodb-driver-core-3.3.0.jar;C:\Users\muhan\.m2\repository\org\apache\httpcomponents\httpclient\4.5.2\httpclient-4.5.2.jar;C:\Users\muhan\.m2\repository\org\apache\httpcomponents\httpcore\4.4.4\httpcore-4.4.4.jar;C:\Users\muhan\.m2\repository\commons-logging\commons-logging\1.2\commons-logging-1.2.jar;C:\Users\muhan\.m2\repository\org\apache\httpcomponents\httpmime\4.5.2\httpmime-4.5.2.jar;C:\Users\muhan\.m2\repository\org\jsoup\jsoup\1.9.2\jsoup-1.9.2.jar;C:\Users\muhan\.m2\repository\com\google\code\gson\gson\2.8.0\gson-2.8.0.jar;C:\Users\muhan\.m2\repository\com\oracle\ojdbc\ojdbc8\19.3.0.0\ojdbc8-19.3.0.0.jar;C:\Users\muhan\.m2\repository\com\oracle\ojdbc\ucp\19.3.0.0\ucp-19.3.0.0.jar;C:\Users\muhan\.m2\repository\com\oracle\ojdbc\oraclepki\19.3.0.0\oraclepki-19.3.0.0.jar;C:\Users\muhan\.m2\repository\com\oracle\ojdbc\osdt_cert\19.3.0.0\osdt_cert-19.3.0.0.jar;C:\Users\muhan\.m2\repository\com\oracle\ojdbc\osdt_core\19.3.0.0\osdt_core-19.3.0.0.jar;C:\Users\muhan\.m2\repository\com\oracle\ojdbc\simplefan\19.3.0.0\simplefan-19.3.0.0.jar;C:\Users\muhan\.m2\repository\com\oracle\ojdbc\ons\19.3.0.0\ons-19.3.0.0.jar;C:\Users\muhan\.m2\repository\org\apache\poi\poi\3.11\poi-3.11.jar;C:\Users\muhan\.m2\repository\commons-codec\commons-codec\1.9\commons-codec-1.9.jar;C:\Users\muhan\.m2\repository\org\apache\poi\poi-ooxml\3.11\poi-ooxml-3.11.jar;C:\Users\muhan\.m2\repository\org\apache\poi\poi-ooxml-schemas\3.11\poi-ooxml-schemas-3.11.jar;C:\Users\muhan\.m2\repository\org\apache\xmlbeans\xmlbeans\2.6.0\xmlbeans-2.6.0.jar;C:\Users\muhan\.m2\repository\stax\stax-api\1.0.1\stax-api-1.0.1.jar;C:\Users\muhan\.m2\repository\org\seleniumhq\selenium\selenium-java\3.141.59\selenium-java-3.141.59.jar;C:\Users\muhan\.m2\repository\org\seleniumhq\selenium\selenium-api\3.141.59\selenium-api-3.141.59.jar;C:\Users\muhan\.m2\repository\org\seleniumhq\selenium\selenium-chrome-driver\3.141.59\selenium-chrome-driver-3.141.59.jar;C:\Users\muhan\.m2\repository\org\seleniumhq\selenium\selenium-edge-driver\3.141.59\selenium-edge-driver-3.141.59.jar;C:\Users\muhan\.m2\repository\org\seleniumhq\selenium\selenium-firefox-driver\3.141.59\selenium-firefox-driver-3.141.59.jar;C:\Users\muhan\.m2\repository\org\seleniumhq\selenium\selenium-ie-driver\3.141.59\selenium-ie-driver-3.141.59.jar;C:\Users\muhan\.m2\repository\org\seleniumhq\selenium\selenium-opera-driver\3.141.59\selenium-opera-driver-3.141.59.jar;C:\Users\muhan\.m2\repository\org\seleniumhq\selenium\selenium-remote-driver\3.141.59\selenium-remote-driver-3.141.59.jar;C:\Users\muhan\.m2\repository\org\seleniumhq\selenium\selenium-safari-driver\3.141.59\selenium-safari-driver-3.141.59.jar;C:\Users\muhan\.m2\repository\org\seleniumhq\selenium\selenium-support\3.141.59\selenium-support-3.141.59.jar;C:\Users\muhan\.m2\repository\net\bytebuddy\byte-buddy\1.8.15\byte-buddy-1.8.15.jar;C:\Users\muhan\.m2\repository\org\apache\commons\commons-exec\1.3\commons-exec-1.3.jar;C:\Users\muhan\.m2\repository\com\google\guava\guava\25.0-jre\guava-25.0-jre.jar;C:\Users\muhan\.m2\repository\com\google\code\findbugs\jsr305\1.3.9\jsr305-1.3.9.jar;C:\Users\muhan\.m2\repository\org\checkerframework\checker-compat-qual\2.0.0\checker-compat-qual-2.0.0.jar;C:\Users\muhan\.m2\repository\com\google\errorprone\error_prone_annotations\2.1.3\error_prone_annotations-2.1.3.jar;C:\Users\muhan\.m2\repository\com\google\j2objc\j2objc-annotations\1.1\j2objc-annotations-1.1.jar;C:\Users\muhan\.m2\repository\org\codehaus\mojo\animal-sniffer-annotations\1.14\animal-sniffer-annotations-1.14.jar;C:\Users\muhan\.m2\repository\com\squareup\okhttp3\okhttp\3.11.0\okhttp-3.11.0.jar;C:\Users\muhan\.m2\repository\com\squareup\okio\okio\1.14.0\okio-1.14.0.jar;C:\Users\muhan\.m2\repository\org\slf4j\slf4j-api\1.7.25\slf4j-api-1.7.25.jar;C:\Users\muhan\.m2\repository\org\slf4j\slf4j-log4j12\1.7.25\slf4j-log4j12-1.7.25.jar;C:\Users\muhan\.m2\repository\log4j\log4j\1.2.17\log4j-1.2.17.jar;C:\Users\muhan\.m2\repository\io\cucumber\cucumber-testng\6.10.4\cucumber-testng-6.10.4.jar;C:\Users\muhan\.m2\repository\org\apiguardian\apiguardian-api\1.1.1\apiguardian-api-1.1.1.jar;C:\Users\muhan\.m2\repository\io\cucumber\cucumber-core\6.10.4\cucumber-core-6.10.4.jar;C:\Users\muhan\.m2\repository\io\cucumber\cucumber-gherkin\6.10.4\cucumber-gherkin-6.10.4.jar;C:\Users\muhan\.m2\repository\io\cucumber\cucumber-gherkin-messages\6.10.4\cucumber-gherkin-messages-6.10.4.jar;C:\Users\muhan\.m2\repository\io\cucumber\messages\15.0.0\messages-15.0.0.jar;C:\Users\muhan\.m2\repository\io\cucumber\tag-expressions\3.0.1\tag-expressions-3.0.1.jar;C:\Users\muhan\.m2\repository\io\cucumber\cucumber-expressions\10.3.0\cucumber-expressions-10.3.0.jar;C:\Users\muhan\.m2\repository\io\cucumber\datatable\3.5.0\datatable-3.5.0.jar;C:\Users\muhan\.m2\repository\io\cucumber\cucumber-plugin\6.10.4\cucumber-plugin-6.10.4.jar;C:\Users\muhan\.m2\repository\io\cucumber\docstring\6.10.4\docstring-6.10.4.jar;C:\Users\muhan\.m2\repository\io\cucumber\html-formatter\13.0.0\html-formatter-13.0.0.jar;C:\Users\muhan\.m2\repository\io\cucumber\create-meta\4.0.0\create-meta-4.0.0.jar;C:\Users\muhan\.m2\repository\io\cucumber\cucumber-java\6.10.4\cucumber-java-6.10.4.jar;C:\Users\muhan\.m2\repository\org\hamcrest\hamcrest\2.2\hamcrest-2.2.jar;C:\Users\muhan\.m2\repository\io\github\bonigarcia\webdrivermanager\5.0.3\webdrivermanager-5.0.3.jar;C:\Users\muhan\.m2\repository\com\github\docker-java\docker-java\3.2.12\docker-java-3.2.12.jar;C:\Users\muhan\.m2\repository\com\github\docker-java\docker-java-core\3.2.12\docker-java-core-3.2.12.jar;C:\Users\muhan\.m2\repository\com\github\docker-java\docker-java-api\3.2.12\docker-java-api-3.2.12.jar;C:\Users\muhan\.m2\repository\com\fasterxml\jackson\core\jackson-annotations\2.10.3\jackson-annotations-2.10.3.jar;C:\Users\muhan\.m2\repository\commons-io\commons-io\2.6\commons-io-2.6.jar;C:\Users\muhan\.m2\repository\org\apache\commons\commons-compress\1.21\commons-compress-1.21.jar;C:\Users\muhan\.m2\repository\commons-lang\commons-lang\2.6\commons-lang-2.6.jar;C:\Users\muhan\.m2\repository\com\fasterxml\jackson\core\jackson-databind\2.10.3\jackson-databind-2.10.3.jar;C:\Users\muhan\.m2\repository\com\fasterxml\jackson\core\jackson-core\2.10.3\jackson-core-2.10.3.jar;C:\Users\muhan\.m2\repository\org\bouncycastle\bcpkix-jdk15on\1.64\bcpkix-jdk15on-1.64.jar;C:\Users\muhan\.m2\repository\org\bouncycastle\bcprov-jdk15on\1.64\bcprov-jdk15on-1.64.jar;C:\Users\muhan\.m2\repository\org\slf4j\jcl-over-slf4j\1.7.30\jcl-over-slf4j-1.7.30.jar;C:\Users\muhan\.m2\repository\com\github\docker-java\docker-java-transport-httpclient5\3.2.12\docker-java-transport-httpclient5-3.2.12.jar;C:\Users\muhan\.m2\repository\com\github\docker-java\docker-java-transport\3.2.12\docker-java-transport-3.2.12.jar;C:\Users\muhan\.m2\repository\org\apache\httpcomponents\client5\httpclient5\5.0.3\httpclient5-5.0.3.jar;C:\Users\muhan\.m2\repository\org\apache\httpcomponents\core5\httpcore5\5.0.2\httpcore5-5.0.2.jar;C:\Users\muhan\.m2\repository\net\java\dev\jna\jna\5.8.0\jna-5.8.0.jar;C:\Users\muhan\.m2\repository\org\brotli\dec\0.1.2\dec-0.1.2.jar;"/>
    <property name="java.vm.vendor" value="Eclipse Adoptium"/>
    <property name="sun.arch.data.model" value="64"/>
    <property name="user.variant" value=""/>
    <property name="java.vendor.url" value="https://adoptium.net/"/>
    <property name="user.timezone" value="America/New_York"/>
    <property name="os.name" value="Windows 11"/>
    <property name="java.vm.specification.version" value="17"/>
    <property name="sun.java.launcher" value="SUN_STANDARD"/>
    <property name="user.country" value="US"/>
    <property name="sun.boot.library.path" value="C:\Users\muhan\.p2\pool\plugins\org.eclipse.justj.openjdk.hotspot.jre.full.win32.x86_64_17.0.4.v20220903-1038\jre\bin"/>
    <property name="sun.java.command" value="C:\Users\muhan\AppData\Local\Temp\surefire3227250854780684122\surefirebooter11881568976700137565.jar C:\Users\muhan\AppData\Local\Temp\surefire3227250854780684122 2022-12-25T09-31-30_294-jvmRun1 surefire17876817139253565133tmp surefire_013442085043732779865tmp"/>
    <property name="jdk.debug" value="release"/>
    <property name="surefire.test.class.path" value="C:\Users\muhan\eclipse-workspace\Smart_Career\target\test-classes;C:\Users\muhan\eclipse-workspace\Smart_Career\target\classes;C:\Users\muhan\.m2\repository\org\testng\testng\6.14.3\testng-6.14.3.jar;C:\Users\muhan\.m2\repository\com\beust\jcommander\1.72\jcommander-1.72.jar;C:\Users\muhan\.m2\repository\org\apache-extras\beanshell\bsh\2.0b6\bsh-2.0b6.jar;C:\Users\muhan\.m2\repository\com\aventstack\extentreports\3.1.2\extentreports-3.1.2.jar;C:\Users\muhan\.m2\repository\org\freemarker\freemarker\2.3.23\freemarker-2.3.23.jar;C:\Users\muhan\.m2\repository\org\mongodb\mongodb-driver\3.3.0\mongodb-driver-3.3.0.jar;C:\Users\muhan\.m2\repository\org\mongodb\bson\3.3.0\bson-3.3.0.jar;C:\Users\muhan\.m2\repository\org\mongodb\mongodb-driver-core\3.3.0\mongodb-driver-core-3.3.0.jar;C:\Users\muhan\.m2\repository\org\apache\httpcomponents\httpclient\4.5.2\httpclient-4.5.2.jar;C:\Users\muhan\.m2\repository\org\apache\httpcomponents\httpcore\4.4.4\httpcore-4.4.4.jar;C:\Users\muhan\.m2\repository\commons-logging\commons-logging\1.2\commons-logging-1.2.jar;C:\Users\muhan\.m2\repository\org\apache\httpcomponents\httpmime\4.5.2\httpmime-4.5.2.jar;C:\Users\muhan\.m2\repository\org\jsoup\jsoup\1.9.2\jsoup-1.9.2.jar;C:\Users\muhan\.m2\repository\com\google\code\gson\gson\2.8.0\gson-2.8.0.jar;C:\Users\muhan\.m2\repository\com\oracle\ojdbc\ojdbc8\19.3.0.0\ojdbc8-19.3.0.0.jar;C:\Users\muhan\.m2\repository\com\oracle\ojdbc\ucp\19.3.0.0\ucp-19.3.0.0.jar;C:\Users\muhan\.m2\repository\com\oracle\ojdbc\oraclepki\19.3.0.0\oraclepki-19.3.0.0.jar;C:\Users\muhan\.m2\repository\com\oracle\ojdbc\osdt_cert\19.3.0.0\osdt_cert-19.3.0.0.jar;C:\Users\muhan\.m2\repository\com\oracle\ojdbc\osdt_core\19.3.0.0\osdt_core-19.3.0.0.jar;C:\Users\muhan\.m2\repository\com\oracle\ojdbc\simplefan\19.3.0.0\simplefan-19.3.0.0.jar;C:\Users\muhan\.m2\repository\com\oracle\ojdbc\ons\19.3.0.0\ons-19.3.0.0.jar;C:\Users\muhan\.m2\repository\org\apache\poi\poi\3.11\poi-3.11.jar;C:\Users\muhan\.m2\repository\commons-codec\commons-codec\1.9\commons-codec-1.9.jar;C:\Users\muhan\.m2\repository\org\apache\poi\poi-ooxml\3.11\poi-ooxml-3.11.jar;C:\Users\muhan\.m2\repository\org\apache\poi\poi-ooxml-schemas\3.11\poi-ooxml-schemas-3.11.jar;C:\Users\muhan\.m2\repository\org\apache\xmlbeans\xmlbeans\2.6.0\xmlbeans-2.6.0.jar;C:\Users\muhan\.m2\repository\stax\stax-api\1.0.1\stax-api-1.0.1.jar;C:\Users\muhan\.m2\repository\org\seleniumhq\selenium\selenium-java\3.141.59\selenium-java-3.141.59.jar;C:\Users\muhan\.m2\repository\org\seleniumhq\selenium\selenium-api\3.141.59\selenium-api-3.141.59.jar;C:\Users\muhan\.m2\repository\org\seleniumhq\selenium\selenium-chrome-driver\3.141.59\selenium-chrome-driver-3.141.59.jar;C:\Users\muhan\.m2\repository\org\seleniumhq\selenium\selenium-edge-driver\3.141.59\selenium-edge-driver-3.141.59.jar;C:\Users\muhan\.m2\repository\org\seleniumhq\selenium\selenium-firefox-driver\3.141.59\selenium-firefox-driver-3.141.59.jar;C:\Users\muhan\.m2\repository\org\seleniumhq\selenium\selenium-ie-driver\3.141.59\selenium-ie-driver-3.141.59.jar;C:\Users\muhan\.m2\repository\org\seleniumhq\selenium\selenium-opera-driver\3.141.59\selenium-opera-driver-3.141.59.jar;C:\Users\muhan\.m2\repository\org\seleniumhq\selenium\selenium-remote-driver\3.141.59\selenium-remote-driver-3.141.59.jar;C:\Users\muhan\.m2\repository\org\seleniumhq\selenium\selenium-safari-driver\3.141.59\selenium-safari-driver-3.141.59.jar;C:\Users\muhan\.m2\repository\org\seleniumhq\selenium\selenium-support\3.141.59\selenium-support-3.141.59.jar;C:\Users\muhan\.m2\repository\net\bytebuddy\byte-buddy\1.8.15\byte-buddy-1.8.15.jar;C:\Users\muhan\.m2\repository\org\apache\commons\commons-exec\1.3\commons-exec-1.3.jar;C:\Users\muhan\.m2\repository\com\google\guava\guava\25.0-jre\guava-25.0-jre.jar;C:\Users\muhan\.m2\repository\com\google\code\findbugs\jsr305\1.3.9\jsr305-1.3.9.jar;C:\Users\muhan\.m2\repository\org\checkerframework\checker-compat-qual\2.0.0\checker-compat-qual-2.0.0.jar;C:\Users\muhan\.m2\repository\com\google\errorprone\error_prone_annotations\2.1.3\error_prone_annotations-2.1.3.jar;C:\Users\muhan\.m2\repository\com\google\j2objc\j2objc-annotations\1.1\j2objc-annotations-1.1.jar;C:\Users\muhan\.m2\repository\org\codehaus\mojo\animal-sniffer-annotations\1.14\animal-sniffer-annotations-1.14.jar;C:\Users\muhan\.m2\repository\com\squareup\okhttp3\okhttp\3.11.0\okhttp-3.11.0.jar;C:\Users\muhan\.m2\repository\com\squareup\okio\okio\1.14.0\okio-1.14.0.jar;C:\Users\muhan\.m2\repository\org\slf4j\slf4j-api\1.7.25\slf4j-api-1.7.25.jar;C:\Users\muhan\.m2\repository\org\slf4j\slf4j-log4j12\1.7.25\slf4j-log4j12-1.7.25.jar;C:\Users\muhan\.m2\repository\log4j\log4j\1.2.17\log4j-1.2.17.jar;C:\Users\muhan\.m2\repository\io\cucumber\cucumber-testng\6.10.4\cucumber-testng-6.10.4.jar;C:\Users\muhan\.m2\repository\org\apiguardian\apiguardian-api\1.1.1\apiguardian-api-1.1.1.jar;C:\Users\muhan\.m2\repository\io\cucumber\cucumber-core\6.10.4\cucumber-core-6.10.4.jar;C:\Users\muhan\.m2\repository\io\cucumber\cucumber-gherkin\6.10.4\cucumber-gherkin-6.10.4.jar;C:\Users\muhan\.m2\repository\io\cucumber\cucumber-gherkin-messages\6.10.4\cucumber-gherkin-messages-6.10.4.jar;C:\Users\muhan\.m2\repository\io\cucumber\messages\15.0.0\messages-15.0.0.jar;C:\Users\muhan\.m2\repository\io\cucumber\tag-expressions\3.0.1\tag-expressions-3.0.1.jar;C:\Users\muhan\.m2\repository\io\cucumber\cucumber-expressions\10.3.0\cucumber-expressions-10.3.0.jar;C:\Users\muhan\.m2\repository\io\cucumber\datatable\3.5.0\datatable-3.5.0.jar;C:\Users\muhan\.m2\repository\io\cucumber\cucumber-plugin\6.10.4\cucumber-plugin-6.10.4.jar;C:\Users\muhan\.m2\repository\io\cucumber\docstring\6.10.4\docstring-6.10.4.jar;C:\Users\muhan\.m2\repository\io\cucumber\html-formatter\13.0.0\html-formatter-13.0.0.jar;C:\Users\muhan\.m2\repository\io\cucumber\create-meta\4.0.0\create-meta-4.0.0.jar;C:\Users\muhan\.m2\repository\io\cucumber\cucumber-java\6.10.4\cucumber-java-6.10.4.jar;C:\Users\muhan\.m2\repository\org\hamcrest\hamcrest\2.2\hamcrest-2.2.jar;C:\Users\muhan\.m2\repository\io\github\bonigarcia\webdrivermanager\5.0.3\webdrivermanager-5.0.3.jar;C:\Users\muhan\.m2\repository\com\github\docker-java\docker-java\3.2.12\docker-java-3.2.12.jar;C:\Users\muhan\.m2\repository\com\github\docker-java\docker-java-core\3.2.12\docker-java-core-3.2.12.jar;C:\Users\muhan\.m2\repository\com\github\docker-java\docker-java-api\3.2.12\docker-java-api-3.2.12.jar;C:\Users\muhan\.m2\repository\com\fasterxml\jackson\core\jackson-annotations\2.10.3\jackson-annotations-2.10.3.jar;C:\Users\muhan\.m2\repository\commons-io\commons-io\2.6\commons-io-2.6.jar;C:\Users\muhan\.m2\repository\org\apache\commons\commons-compress\1.21\commons-compress-1.21.jar;C:\Users\muhan\.m2\repository\commons-lang\commons-lang\2.6\commons-lang-2.6.jar;C:\Users\muhan\.m2\repository\com\fasterxml\jackson\core\jackson-databind\2.10.3\jackson-databind-2.10.3.jar;C:\Users\muhan\.m2\repository\com\fasterxml\jackson\core\jackson-core\2.10.3\jackson-core-2.10.3.jar;C:\Users\muhan\.m2\repository\org\bouncycastle\bcpkix-jdk15on\1.64\bcpkix-jdk15on-1.64.jar;C:\Users\muhan\.m2\repository\org\bouncycastle\bcprov-jdk15on\1.64\bcprov-jdk15on-1.64.jar;C:\Users\muhan\.m2\repository\org\slf4j\jcl-over-slf4j\1.7.30\jcl-over-slf4j-1.7.30.jar;C:\Users\muhan\.m2\repository\com\github\docker-java\docker-java-transport-httpclient5\3.2.12\docker-java-transport-httpclient5-3.2.12.jar;C:\Users\muhan\.m2\repository\com\github\docker-java\docker-java-transport\3.2.12\docker-java-transport-3.2.12.jar;C:\Users\muhan\.m2\repository\org\apache\httpcomponents\client5\httpclient5\5.0.3\httpclient5-5.0.3.jar;C:\Users\muhan\.m2\repository\org\apache\httpcomponents\core5\httpcore5\5.0.2\httpcore5-5.0.2.jar;C:\Users\muhan\.m2\repository\net\java\dev\jna\jna\5.8.0\jna-5.8.0.jar;C:\Users\muhan\.m2\repository\org\brotli\dec\0.1.2\dec-0.1.2.jar;"/>
    <property name="sun.cpu.endian" value="little"/>
    <property name="user.home" value="C:\Users\muhan"/>
    <property name="user.language" value="en"/>
    <property name="java.specification.vendor" value="Oracle Corporation"/>
    <property name="java.version.date" value="2022-08-12"/>
    <property name="java.home" value="C:\Users\muhan\.p2\pool\plugins\org.eclipse.justj.openjdk.hotspot.jre.full.win32.x86_64_17.0.4.v20220903-1038\jre"/>
    <property name="file.separator" value="\"/>
    <property name="basedir" value="C:\Users\muhan\eclipse-workspace\Smart_Career"/>
    <property name="java.vm.compressedOopsMode" value="Zero based"/>
    <property name="line.separator" value="&#10;"/>
    <property name="java.vm.specification.vendor" value="Oracle Corporation"/>
    <property name="java.specification.name" value="Java Platform API Specification"/>
    <property name="surefire.real.class.path" value="C:\Users\muhan\AppData\Local\Temp\surefire3227250854780684122\surefirebooter11881568976700137565.jar"/>
    <property name="user.script" value=""/>
    <property name="sun.management.compiler" value="HotSpot 64-Bit Tiered Compilers"/>
    <property name="java.runtime.version" value="17.0.4.1+1"/>
    <property name="user.name" value="muhan"/>
    <property name="path.separator" value=";"/>
    <property name="os.version" value="10.0"/>
    <property name="java.runtime.name" value="OpenJDK Runtime Environment"/>
    <property name="file.encoding" value="Cp1252"/>
    <property name="java.vm.name" value="OpenJDK 64-Bit Server VM"/>
    <property name="java.vendor.version" value="Temurin-17.0.4.1+1"/>
    <property name="localRepository" value="C:\Users\muhan\.m2\repository"/>
    <property name="java.vendor.url.bug" value="https://github.com/adoptium/adoptium-support/issues"/>
    <property name="java.io.tmpdir" value="C:\Users\muhan\AppData\Local\Temp\"/>
    <property name="java.version" value="17.0.4.1"/>
    <property name="user.dir" value="C:\Users\muhan\eclipse-workspace\Smart_Career"/>
    <property name="os.arch" value="amd64"/>
    <property name="java.vm.specification.name" value="Java Virtual Machine Specification"/>
    <property name="sun.os.patch.level" value=""/>
    <property name="native.encoding" value="Cp1252"/>
    <property name="java.library.path" value="C:\Users\muhan\.p2\pool\plugins\org.eclipse.justj.openjdk.hotspot.jre.full.win32.x86_64_17.0.4.v20220903-1038\jre\bin;C:\windows\Sun\Java\bin;C:\windows\system32;C:\windows;C:/Users/muhan/.p2/pool/plugins/org.eclipse.justj.openjdk.hotspot.jre.full.win32.x86_64_17.0.4.v20220903-1038/jre/bin/server;C:/Users/muhan/.p2/pool/plugins/org.eclipse.justj.openjdk.hotspot.jre.full.win32.x86_64_17.0.4.v20220903-1038/jre/bin;C:\Program Files (x86)\Common Files\Oracle\Java\javapath;C:\windows\system32;C:\windows;C:\windows\System32\Wbem;C:\windows\System32\WindowsPowerShell\v1.0\;C:\windows\System32\OpenSSH\;C:\Program Files\Git\cmd;C:\Program Files\Java\jdk1.8.0_202\bin;C:\Users\muhan\apache-maven-3.8.6\bin;C:\Program Files\Git\bin\git;C:\Users\muhan\AppData\Local\Microsoft\WindowsApps;;C:\windows\System32;;."/>
    <property name="java.vm.info" value="mixed mode"/>
    <property name="java.vendor" value="Eclipse Adoptium"/>
    <property name="java.vm.version" value="17.0.4.1+1"/>
    <property name="sun.io.unicode.encoding" value="UnicodeLittle"/>
    <property name="java.class.version" value="61.0"/>
  </properties>
  <testcase name="runScenario[&quot;User can login the application with valid credential and purchase the specific&quot;, &quot;Optional[Valid user able to purchase the men jacket from eCommerce web site]&quot;](1)" classname="smart.usa.runnertest.Runner" time="23.317">
    <system-out><![CDATA[The finally statement is executed file not found
Nopackage
 INFO [main] (Listener.java:15)-  OnTest Started: runScenario
 OnTest Started: runScenario

@Sanity
Scenario Outline: User can login the application with valid credential and purchase the specific                # Features/shopping.feature:24
The finally statement is executed file not found
 INFO [main] (Hooks.java:13)- >>>>>>>>>>>Automation started<<<<<<<<<
 INFO [main] (BasePage.java:51)- ******** I am a chrome browser*********
 INFO [main] (WebDriverManager.java:966)- Using chromedriver 108.0.5359.71 (resolved driver for Chrome 108)
 INFO [main] (WebDriverManager.java:1021)- Exporting webdriver.chrome.driver as C:\Users\muhan\.cache\selenium\chromedriver\win32\108.0.5359.71\chromedriver.exe
The finally statement is executed file not found
The finally statement is executed file not found
 INFO [main] (Stepdef.java:28)- ******** User already login to the application *********
 INFO [main] (ElementPage.java:248)- ******User able to Click on sign in button*******
 INFO [main] (ElementPage.java:250)- ******User able to enter the userName*******
 INFO [main] (ElementPage.java:252)- ******User able to enter the password*******
 INFO [main] (ElementPage.java:254)- ******User able to Click on logIn button*******
 INFO [main] (Stepdef.java:30)- ******** User able to verify login info on the screen *********
 INFO [main] (Stepdef.java:35)- >>>>>>> User Verification <<<<<<<<<Welcome, MUHANA TRISHA!
  Given User already login the application and verify the login info in the landing page                        # smart.usa.stepdef.Stepdef.user_already_login_the_application_and_verify_the_login_info_in_the_landing_page()
 INFO [main] (Stepdef.java:40)- ******** User able to mouse hover to the men module *********
 INFO [main] (Stepdef.java:44)- ******** User able to mouse hover to the tops inside the men module *********
 INFO [main] (Stepdef.java:48)- ******** User able click on Jackets inside the men module *********
 INFO [main] (Stepdef.java:53)- ******** User able to click Jupiter Jackets inside the men module *********
  When user should be able to Jupiter All-Weather Trainer jacket from men module                                # smart.usa.stepdef.Stepdef.user_should_be_able_to_jupiter_all_weather_trainer_jacket_from_men_module()
 INFO [main] (Stepdef.java:61)- ******** User able to verify Jupiter Jackets inside the men module *********
  And user verify the jacket name on the Jupiter All-Weather Trainer list                                       # smart.usa.stepdef.Stepdef.user_verify_the_jacket_name_on_the_jupiter_all_weather_trainer_list()
 INFO [main] (Stepdef.java:72)- ******** User able to select the medium size Jacket *********
 INFO [main] (Stepdef.java:76)- ******** User able to select the Blue color Jacket *********
 INFO [main] (Stepdef.java:80)- ******** User able to select the quantity Jacket *********
 INFO [main] (Stepdef.java:85)- ******** User able to click on add to cart *********
  And user should be able to select the "M" and "Blue" and "1" and click on the add to cart                     # smart.usa.stepdef.Stepdef.user_should_be_able_to_select_the_and_and_and_click_on_the_add_to_cart(java.lang.String,java.lang.String,java.lang.String)
 INFO [main] (Stepdef.java:95)- ******** User able to click the cart option *********
 INFO [main] (Stepdef.java:99)- ******** User able to click the button procced to checkout *********
  And user able to click on the cart and checkout                                                               # smart.usa.stepdef.Stepdef.user_able_to_click_on_the_cart_and_checkout()
 INFO [main] (Stepdef.java:108)- ******** User able to click on the New Address button *********
 INFO [main] (ElementPage.java:259)- ******User able to enter the First Name*******
 INFO [main] (ElementPage.java:264)- ******User able to enter the Last Name*******
 INFO [main] (ElementPage.java:269)- ******User able to enter the Company Name as personal*******
 INFO [main] (ElementPage.java:274)- ******User able to enter the house address*******
 INFO [main] (ElementPage.java:279)- ******User able to enter the city name*******
 INFO [main] (ElementPage.java:290)- ******User able to select state as New York*******
 INFO [main] (ElementPage.java:294)- ******User able to enter the ZipCode*******
 INFO [main] (ElementPage.java:299)- ******User able to select Country as United States*******
 INFO [main] (ElementPage.java:303)- ******User able to enter the Phone Number*******
 INFO [main] (ElementPage.java:308)- ******User able to click on Ship Here Button*******
 INFO [main] (ElementPage.java:312)- ******User able to select the shipping method*******
 INFO [main] (ElementPage.java:319)- ******User able to click on Next button*******
 INFO [main] (ElementPage.java:323)- ******User able to click on Place order button*******
  And user able to enter the shipping details and click on the next                                             # smart.usa.stepdef.Stepdef.user_able_to_enter_the_shopping_details_and_click_on_the_next()
 INFO [main] (Stepdef.java:118)- ******User able to verify the Order number*******
 INFO [main] (Stepdef.java:122)- This is a new order number :Your order number is: 000012946.
  And user able to verify the shipping address and place the order                                              # smart.usa.stepdef.Stepdef.user_able_to_verify_the_shipping_address_and_place_the_order()
Exception while taking screenshot .\Screenshots\VerifyOrderNumber.png (The system cannot find the path specified)
 INFO [main] (Stepdef.java:131)- ******User able to verify the confirmation text*******
 INFO [main] (Stepdef.java:135)- Verified Text :Thank you for your purchase!
  Then User should be able to verify the order number and get text on the screen "Thank you for your purchase!" # smart.usa.stepdef.Stepdef.user_should_be_able_to_verify_the_order_number_and_get_text_on_the_screen(java.lang.String)
 INFO [main] (Hooks.java:22)- >>>>>>>>>>>Automation Ended<<<<<<<<<
 INFO [main] (Listener.java:22)-  OnTest Success: runScenario
 OnTest Success: runScenario
]]></system-out>
    <system-err><![CDATA[Starting ChromeDriver 108.0.5359.71 (1e0e3868ee06e91ad636a874420e3ca3ae3756ac-refs/branch-heads/5359@{#1016}) on port 53789
Only local connections are allowed.
Please see https://chromedriver.chromium.org/security-considerations for suggestions on keeping ChromeDriver safe.
ChromeDriver was started successfully.
Dec 25, 2022 9:31:32 AM org.openqa.selenium.remote.ProtocolHandshake createSession
INFO: Detected dialect: W3C
]]></system-err>
  </testcase>
</testsuite>