<?xml version="1.0" encoding="UTF-8"?>
<!-- Generated by org.testng.reporters.JUnitReportReporter -->
<testsuite hostname="DESKTOP-6GCOTSI" failures="0" tests="4" name="smart.usa.testngframework.TestNGEnabelDisable" time="0.013" errors="0" timestamp="27 Dec 2022 01:59:08 GMT" skipped="1">
  <testcase classname="smart.usa.testngframework.TestNGEnabelDisable" name="getTest2" time="0.006"/>
  <testcase classname="smart.usa.testngframework.TestNGEnabelDisable" name="getTest1" time="0.005"/>
  <testcase classname="smart.usa.testngframework.TestNGEnabelDisable" name="getTest3" time="0.002"/>
  <testcase classname="smart.usa.testngframework.TestNGEnabelDisable" name="getTest4">
    <skipped/>
  </testcase> <!-- getTest4 -->
</testsuite> <!-- smart.usa.testngframework.TestNGEnabelDisable -->
