<?xml version="1.0" encoding="UTF-8"?>
<!-- Generated by org.testng.reporters.JUnitReportReporter -->
<testsuite hostname="DESKTOP-6GCOTSI" failures="0" tests="1" name="smart.usa.testngframework.ReadExcelSheet" time="0.430" errors="0" timestamp="26 Dec 2022 18:14:14 GMT" skipped="0">
  <testcase classname="smart.usa.testngframework.ReadExcelSheet" name="getReadExecl" time="0.430"/>
</testsuite> <!-- smart.usa.testngframework.ReadExcelSheet -->
