<?xml version="1.0" encoding="UTF-8"?>
<!-- Generated by org.testng.reporters.JUnitReportReporter -->
<testsuite hostname="DESKTOP-6GCOTSI" failures="0" tests="4" name="smart.usa.testngframework.TestNGTestsExecutions" time="0.017" errors="0" timestamp="26 Dec 2022 02:39:29 GMT" skipped="0">
  <testcase classname="smart.usa.testngframework.TestNGTestsExecutions" name="getTest2" time="0.006"/>
  <testcase classname="smart.usa.testngframework.TestNGTestsExecutions" name="getTest4" time="0.005"/>
  <testcase classname="smart.usa.testngframework.TestNGTestsExecutions" name="getTest1" time="0.004"/>
  <testcase classname="smart.usa.testngframework.TestNGTestsExecutions" name="getTest3" time="0.002"/>
</testsuite> <!-- smart.usa.testngframework.TestNGTestsExecutions -->
