<?xml version="1.0" encoding="UTF-8"?>
<!-- Generated by org.testng.reporters.JUnitReportReporter -->
<testsuite hostname="DESKTOP-6GCOTSI" failures="0" tests="2" name="smart.usa.testngframework.TestNGDataProvider" time="0.008" errors="0" timestamp="26 Dec 2022 17:03:29 GMT" skipped="0">
  <testcase classname="smart.usa.testngframework.TestNGDataProvider" name="getTest" time="0.007"/>
  <testcase classname="smart.usa.testngframework.TestNGDataProvider" name="getTest" time="0.001"/>
</testsuite> <!-- smart.usa.testngframework.TestNGDataProvider -->
