<?xml version="1.0" encoding="UTF-8"?>
<!-- Generated by org.testng.reporters.JUnitReportReporter -->
<testsuite hostname="DESKTOP-6GCOTSI" failures="0" tests="1" name="smart.usa.testngframework.ExecuteFailedTestCases" time="0.007" errors="0" timestamp="26 Dec 2022 02:57:30 GMT" skipped="0">
  <testcase classname="smart.usa.testngframework.ExecuteFailedTestCases" name="getTest3" time="0.007"/>
</testsuite> <!-- smart.usa.testngframework.ExecuteFailedTestCases -->
