<?xml version="1.0" encoding="UTF-8"?>
<!-- Generated by org.testng.reporters.JUnitReportReporter -->
<testsuite hostname="DESKTOP-6GCOTSI" failures="0" tests="1" name="smart.usa.testngframework.BasicAnnotationSeq" time="0.005" errors="0" timestamp="26 Dec 2022 01:15:18 GMT" skipped="0">
  <testcase classname="smart.usa.testngframework.BasicAnnotationSeq" name="getTest" time="0.005"/>
</testsuite> <!-- smart.usa.testngframework.BasicAnnotationSeq -->
