<?xml version="1.0" encoding="UTF-8"?>
<!-- Generated by org.testng.reporters.JUnitReportReporter -->
<testsuite hostname="DESKTOP-6GCOTSI" failures="0" tests="3" name="smart.usa.testngframework.ParallelTesting" time="27.056" errors="0" timestamp="26 Dec 2022 18:18:28 GMT" skipped="0">
  <testcase classname="smart.usa.testngframework.ParallelTesting" name="getTest1" time="8.881"/>
  <testcase classname="smart.usa.testngframework.ParallelTesting" name="getTest2" time="9.294"/>
  <testcase classname="smart.usa.testngframework.ParallelTesting" name="getTest3" time="8.881"/>
</testsuite> <!-- smart.usa.testngframework.ParallelTesting -->
