<?xml version="1.0" encoding="UTF-8"?>
<!-- Generated by org.testng.reporters.JUnitReportReporter -->
<testsuite hostname="DESKTOP-6GCOTSI" failures="0" tests="2" name="smart.usa.testngframework.DependsOnOtherMethod" time="0.010" errors="0" timestamp="26 Dec 2022 02:42:43 GMT" skipped="0">
  <testcase classname="smart.usa.testngframework.DependsOnOtherMethod" name="getTest1" time="0.009"/>
  <testcase classname="smart.usa.testngframework.DependsOnOtherMethod" name="getTest2" time="0.001"/>
</testsuite> <!-- smart.usa.testngframework.DependsOnOtherMethod -->
