<?xml version="1.0" encoding="UTF-8"?>
<!-- Generated by org.testng.reporters.JUnitReportReporter -->
<testsuite hostname="DESKTOP-6GCOTSI" failures="0" tests="3" name="smart.usa.testngframework.CrossBrowserTesting" time="26.777" errors="0" timestamp="26 Dec 2022 03:39:54 GMT" skipped="0">
  <testcase classname="smart.usa.testngframework.CrossBrowserTesting" name="getTests" time="7.283"/>
  <testcase classname="smart.usa.testngframework.CrossBrowserTesting" name="getTests" time="10.447"/>
  <testcase classname="smart.usa.testngframework.CrossBrowserTesting" name="getTests" time="9.047"/>
</testsuite> <!-- smart.usa.testngframework.CrossBrowserTesting -->
