<?xml version="1.0" encoding="UTF-8"?>
<!-- Generated by org.testng.reporters.JUnitReportReporter -->
<testsuite hostname="DESKTOP-6GCOTSI" failures="0" tests="3" name="smart.usa.testngframework.SameTestRunMultiTime" time="0.010" errors="0" timestamp="26 Dec 2022 01:54:08 GMT" skipped="0">
  <testcase classname="smart.usa.testngframework.SameTestRunMultiTime" name="getTest2" time="0.008"/>
  <testcase classname="smart.usa.testngframework.SameTestRunMultiTime" name="getTest2" time="0.001"/>
  <testcase classname="smart.usa.testngframework.SameTestRunMultiTime" name="getTest2" time="0.001"/>
</testsuite> <!-- smart.usa.testngframework.SameTestRunMultiTime -->
