<?xml version="1.0" encoding="UTF-8"?>
<!-- Generated by org.testng.reporters.JUnitReportReporter -->
<testsuite hostname="DESKTOP-6GCOTSI" failures="0" tests="1" name="smart.usa.runnertest.Runner" time="23.288" errors="0" timestamp="25 Dec 2022 14:31:55 GMT" skipped="0">
  <testcase classname="smart.usa.runnertest.Runner" name="runScenario" time="23.288"/>
</testsuite> <!-- smart.usa.runnertest.Runner -->
